<?xml version="1.0" encoding="UTF-8"?>
<!-- Generated by org.testng.reporters.JUnitXMLReporter -->
<testsuite hostname="LAPTOP-HUNL6095" ignored="0" name="Test" tests="6" failures="0" timestamp="11 Apr 2020 15:42:49 GMT" time="0.407" errors="0">
  <testcase name="method1" time="0.037" classname="MavenGroupID.Class4"/>
  <testcase name="method2" time="0.002" classname="MavenGroupID.Class4"/>
  <testcase name="method3" time="0.188" classname="MavenGroupID.Class4"/>
  <testcase name="method4" time="0.002" classname="MavenGroupID.Class4"/>
  <testcase name="method5" time="0.003" classname="MavenGroupID.Class3"/>
  <testcase name="method6" time="0.003" classname="MavenGroupID.Class3"/>
</testsuite> <!-- Test -->
