<?xml version="1.0" encoding="UTF-8"?>
<!-- Generated by org.testng.reporters.JUnitXMLReporter -->
<testsuite hostname="LAPTOP-HUNL6095" ignored="0" name="Test" tests="4" failures="0" timestamp="11 Apr 2020 18:00:07 GMT" time="0.063" errors="0">
  <testcase name="method1" time="0.016" classname="MavenGroupID.Class4"/>
  <testcase name="method2" time="0.0" classname="MavenGroupID.Class4"/>
  <testcase name="method3" time="0.0" classname="MavenGroupID.Class4"/>
  <testcase name="method4" time="0.0" classname="MavenGroupID.Class4"/>
</testsuite> <!-- Test -->
