<?xml version="1.0" encoding="UTF-8"?>
<testng-results skipped="0" failed="0" ignored="0" total="4" passed="4">
  <reporter-output>
  </reporter-output>
  <suite name="Suite" duration-ms="63" started-at="2020-04-11T18:00:07Z" finished-at="2020-04-11T18:00:07Z">
    <groups>
      <group name="odd">
        <method signature="Class4.method1()[pri:0, instance:MavenGroupID.Class4@36d64342]" name="method1" class="MavenGroupID.Class4"/>
        <method signature="Class4.method3()[pri:0, instance:MavenGroupID.Class4@36d64342]" name="method3" class="MavenGroupID.Class4"/>
      </group> <!-- odd -->
    </groups>
    <test name="Test" duration-ms="63" started-at="2020-04-11T18:00:07Z" finished-at="2020-04-11T18:00:07Z">
      <class name="MavenGroupID.Class4">
        <test-method status="PASS" signature="method1()[pri:0, instance:MavenGroupID.Class4@36d64342]" name="method1" duration-ms="16" started-at="2020-04-11T18:00:07Z" finished-at="2020-04-11T18:00:07Z">
          <reporter-output>
          </reporter-output>
        </test-method> <!-- method1 -->
        <test-method status="PASS" signature="method4()[pri:0, instance:MavenGroupID.Class4@36d64342]" name="method4" duration-ms="0" started-at="2020-04-11T18:00:07Z" finished-at="2020-04-11T18:00:07Z">
          <reporter-output>
          </reporter-output>
        </test-method> <!-- method4 -->
        <test-method status="PASS" signature="method2()[pri:0, instance:MavenGroupID.Class4@36d64342]" name="method2" duration-ms="0" started-at="2020-04-11T18:00:07Z" finished-at="2020-04-11T18:00:07Z">
          <reporter-output>
          </reporter-output>
        </test-method> <!-- method2 -->
        <test-method status="PASS" signature="method3()[pri:0, instance:MavenGroupID.Class4@36d64342]" name="method3" duration-ms="0" started-at="2020-04-11T18:00:07Z" finished-at="2020-04-11T18:00:07Z">
          <reporter-output>
          </reporter-output>
        </test-method> <!-- method3 -->
      </class> <!-- MavenGroupID.Class4 -->
    </test> <!-- Test -->
  </suite> <!-- Suite -->
</testng-results>
